<?xml version="1.0" encoding="UTF-8"?>
<!-- Generated by org.testng.reporters.JUnitReportReporter -->
<testsuite name="testNG.NewTest" tests="1" time="6.820" ignored="0" failures="0" timestamp="22 Jun 2017 16:33:06 GMT" skipped="0" hostname="ADS40" errors="0">
  <testcase name="testEasy" time="6.820" classname="testNG.NewTest"/>
</testsuite> <!-- testNG.NewTest -->
